0 info it worked if it ends with ok
1 verbose cli [ 'C:\\Program Files\\nodejs\\node.exe',
1 verbose cli   'C:\\Program Files\\nodejs\\node_modules\\npm\\bin\\npm-cli.js',
1 verbose cli   'run',
1 verbose cli   'start-browserSync' ]
2 info using npm@3.10.9
3 info using node@v7.2.0
4 verbose run-script [ 'prestart-browserSync',
4 verbose run-script   'start-browserSync',
4 verbose run-script   'poststart-browserSync' ]
5 info lifecycle scheduler-prototype@1.0.0~prestart-browserSync: scheduler-prototype@1.0.0
6 silly lifecycle scheduler-prototype@1.0.0~prestart-browserSync: no script for prestart-browserSync, continuing
7 info lifecycle scheduler-prototype@1.0.0~start-browserSync: scheduler-prototype@1.0.0
8 verbose lifecycle scheduler-prototype@1.0.0~start-browserSync: unsafe-perm in lifecycle true
9 verbose lifecycle scheduler-prototype@1.0.0~start-browserSync: PATH: C:\Program Files\nodejs\node_modules\npm\bin\node-gyp-bin;E:\Projects\scheduler-prototype\node_modules\.bin;C:\Program Files\nodejs\node_modules\npm\bin\node-gyp-bin;E:\Projects\scheduler-prototype\node_modules\.bin;C:\Windows\system32;C:\Windows;C:\Windows\System32\Wbem;C:\Windows\System32\WindowsPowerShell\v1.0\;C:\Program Files (x86)\Skype\Phone\;C:\Windows\system32\config\systemprofile\.dnx\bin;C:\Program Files\Microsoft DNX\Dnvm\;C:\Program Files\Microsoft SQL Server\120\Tools\Binn\;C:\Program Files\Microsoft SQL Server\130\Tools\Binn\;C:\Program Files\nodejs\;C:\Users\user\AppData\Local\Microsoft\WindowsApps;C:\Users\user\AppData\Local\atom\bin;C:\Users\user\AppData\Roaming\npm;C:\Users\user\AppData\Local\Programs\Git\cmd
10 verbose lifecycle scheduler-prototype@1.0.0~start-browserSync: CWD: E:\Projects\scheduler-prototype
11 silly lifecycle scheduler-prototype@1.0.0~start-browserSync: Args: [ '/d /s /c',
11 silly lifecycle   'browser-sync start --server --files "babel_script.js" "**/*.css" "**/*.html"' ]
12 silly lifecycle scheduler-prototype@1.0.0~start-browserSync: Returned: code: 3221225786  signal: null
13 info lifecycle scheduler-prototype@1.0.0~start-browserSync: Failed to exec start-browserSync script
14 verbose stack Error: scheduler-prototype@1.0.0 start-browserSync: `browser-sync start --server --files "babel_script.js" "**/*.css" "**/*.html"`
14 verbose stack Exit status 3221225786
14 verbose stack     at EventEmitter.<anonymous> (C:\Program Files\nodejs\node_modules\npm\lib\utils\lifecycle.js:255:16)
14 verbose stack     at emitTwo (events.js:106:13)
14 verbose stack     at EventEmitter.emit (events.js:191:7)
14 verbose stack     at ChildProcess.<anonymous> (C:\Program Files\nodejs\node_modules\npm\lib\utils\spawn.js:40:14)
14 verbose stack     at emitTwo (events.js:106:13)
14 verbose stack     at ChildProcess.emit (events.js:191:7)
14 verbose stack     at maybeClose (internal/child_process.js:885:16)
14 verbose stack     at Process.ChildProcess._handle.onexit (internal/child_process.js:226:5)
15 verbose pkgid scheduler-prototype@1.0.0
16 verbose cwd E:\Projects\scheduler-prototype
17 error Windows_NT 10.0.14393
18 error argv "C:\\Program Files\\nodejs\\node.exe" "C:\\Program Files\\nodejs\\node_modules\\npm\\bin\\npm-cli.js" "run" "start-browserSync"
19 error node v7.2.0
20 error npm  v3.10.9
21 error code ELIFECYCLE
22 error scheduler-prototype@1.0.0 start-browserSync: `browser-sync start --server --files "babel_script.js" "**/*.css" "**/*.html"`
22 error Exit status 3221225786
23 error Failed at the scheduler-prototype@1.0.0 start-browserSync script 'browser-sync start --server --files "babel_script.js" "**/*.css" "**/*.html"'.
23 error Make sure you have the latest version of node.js and npm installed.
23 error If you do, this is most likely a problem with the scheduler-prototype package,
23 error not with npm itself.
23 error Tell the author that this fails on your system:
23 error     browser-sync start --server --files "babel_script.js" "**/*.css" "**/*.html"
23 error You can get information on how to open an issue for this project with:
23 error     npm bugs scheduler-prototype
23 error Or if that isn't available, you can get their info via:
23 error     npm owner ls scheduler-prototype
23 error There is likely additional logging output above.
24 verbose exit [ 1, true ]
